<?xml version="1.0" encoding="UTF-8"?>
<testng-results ignored="0" total="1" passed="1" failed="0" skipped="0">
  <reporter-output>
  </reporter-output>
  <suite started-at="2024-11-29T16:14:55 EST" name="Default suite" finished-at="2024-11-29T16:15:15 EST" duration-ms="20127">
    <groups>
    </groups>
    <test started-at="2024-11-29T16:14:55 EST" name="Default test" finished-at="2024-11-29T16:15:15 EST" duration-ms="20127">
      <class name="PageOfModelImplement.LoginTestCase">
        <test-method is-config="true" signature="setUp()[pri:0, instance:PageOfModelImplement.LoginTestCase@5dda768f]" started-at="2024-11-29T16:14:55 EST" name="setUp" finished-at="2024-11-29T16:15:09 EST" duration-ms="14080" status="PASS">
          <reporter-output>
          </reporter-output>
        </test-method> <!-- setUp -->
        <test-method signature="loginSetUp()[pri:0, instance:PageOfModelImplement.LoginTestCase@5dda768f]" started-at="2024-11-29T16:15:09 EST" name="loginSetUp" finished-at="2024-11-29T16:15:15 EST" duration-ms="5926" status="PASS">
          <reporter-output>
          </reporter-output>
        </test-method> <!-- loginSetUp -->
      </class> <!-- PageOfModelImplement.LoginTestCase -->
    </test> <!-- Default test -->
  </suite> <!-- Default suite -->
</testng-results>
